<?xml version="1.0" encoding="UTF-8"?>
<coverage generated="1614976095728" clover="3.2.0">
  <project timestamp="1614976095728" name="All files">
    <metrics statements="13" coveredstatements="8" conditionals="2" coveredconditionals="0" methods="6" coveredmethods="4" elements="21" coveredelements="12" complexity="0" loc="13" ncloc="13" packages="1" files="1" classes="1"/>
    <file name="checkout.js" path="/Users/katesmith/Desktop/my_katas/checkout_webpage/src/checkout.js">
      <metrics statements="13" coveredstatements="8" conditionals="2" coveredconditionals="0" methods="6" coveredmethods="4"/>
      <line num="4" count="2" type="stmt"/>
      <line num="5" count="2" type="stmt"/>
      <line num="6" count="2" type="stmt"/>
      <line num="10" count="2" type="stmt"/>
      <line num="11" count="2" type="stmt"/>
      <line num="15" count="0" type="stmt"/>
      <line num="19" count="0" type="stmt"/>
      <line num="23" count="2" type="stmt"/>
      <line num="24" count="0" type="cond" truecount="0" falsecount="2"/>
      <line num="25" count="0" type="stmt"/>
      <line num="30" count="2" type="stmt"/>
      <line num="31" count="0" type="stmt"/>
      <line num="34" count="1" type="stmt"/>
    </file>
  </project>
</coverage>
